<?xml version="1.0" encoding="UTF-8"?>
<testsuite name="Tests" tests="1" skipped="0" failures="1" errors="0" timestamp="2022-01-20T15:53:33" hostname="DESKTOP-53POHJ8" time="0.54">
  <properties/>
  <testcase name="start" classname="Tests" time="0.54">
    <failure message="java.lang.AssertionError: Wrong answer in test #1&#10;&#10;At the end of the game, your program should print a congratulatory message to the winner: You sank the last ship. You won. Congratulations!&#10;&#10;Please find below the output of your program during this failed test.&#10;Note that the '&gt;' character indicates the beginning of the input line.&#10;&#10;---&#10;&#10;[last 250 lines of output are shown, 285 skipped]&#10;C X ~ ~ ~ ~ ~ ~ ~ X ~ &#10;D X ~ ~ ~ ~ ~ ~ ~ X ~ &#10;E ~ ~ ~ M ~ ~ ~ ~ M ~ &#10;F ~ ~ ~ ~ ~ ~ ~ ~ ~ ~ &#10;G ~ ~ ~ ~ ~ ~ ~ ~ ~ ~ &#10;H ~ ~ ~ ~ ~ ~ ~ ~ ~ ~ &#10;I ~ ~ ~ ~ ~ ~ ~ ~ ~ ~ &#10;J ~ ~ ~ ~ ~ ~ ~ ~ ~ ~ &#10;&#10;You missed! Try again:&#10;&#10;&gt; F3&#10;&#10;  1 2 3 4 5 6 7 8 9 10&#10;A X M ~ ~ ~ ~ ~ ~ ~ ~ &#10;B X ~ ~ ~ ~ ~ ~ ~ X ~ &#10;C X ~ ~ ~ ~ ~ ~ ~ X ~ &#10;D X ~ ~ ~ ~ ~ ~ ~ X ~ &#10;E ~ ~ ~ M ~ ~ ~ ~ M ~ &#10;F ~ ~ X ~ ~ ~ ~ ~ ~ ~ &#10;G ~ ~ ~ ~ ~ ~ ~ ~ ~ ~ &#10;H ~ ~ ~ ~ ~ ~ ~ ~ ~ ~ &#10;I ~ ~ ~ ~ ~ ~ ~ ~ ~ ~ &#10;J ~ ~ ~ ~ ~ ~ ~ ~ ~ ~ &#10;&#10;You hit a ship! Try again:&#10;&#10;&gt; F4&#10;&#10;  1 2 3 4 5 6 7 8 9 10&#10;A X M ~ ~ ~ ~ ~ ~ ~ ~ &#10;B X ~ ~ ~ ~ ~ ~ ~ X ~ &#10;C X ~ ~ ~ ~ ~ ~ ~ X ~ &#10;D X ~ ~ ~ ~ ~ ~ ~ X ~ &#10;E ~ ~ ~ M ~ ~ ~ ~ M ~ &#10;F ~ ~ X X ~ ~ ~ ~ ~ ~ &#10;G ~ ~ ~ ~ ~ ~ ~ ~ ~ ~ &#10;H ~ ~ ~ ~ ~ ~ ~ ~ ~ ~ &#10;I ~ ~ ~ ~ ~ ~ ~ ~ ~ ~ &#10;J ~ ~ ~ ~ ~ ~ ~ ~ ~ ~ &#10;&#10;You hit a ship! Try again:&#10;&#10;&gt; F5&#10;&#10;  1 2 3 4 5 6 7 8 9 10&#10;A X M ~ ~ ~ ~ ~ ~ ~ ~ &#10;B X ~ ~ ~ ~ ~ ~ ~ X ~ &#10;C X ~ ~ ~ ~ ~ ~ ~ X ~ &#10;D X ~ ~ ~ ~ ~ ~ ~ X ~ &#10;E ~ ~ ~ M ~ ~ ~ ~ M ~ &#10;F ~ ~ X X X ~ ~ ~ ~ ~ &#10;G ~ ~ ~ ~ ~ ~ ~ ~ ~ ~ &#10;H ~ ~ ~ ~ ~ ~ ~ ~ ~ ~ &#10;I ~ ~ ~ ~ ~ ~ ~ ~ ~ ~ &#10;J ~ ~ ~ ~ ~ ~ ~ ~ ~ ~ &#10;&#10;You hit a ship! Try again:&#10;&#10;&gt; F6&#10;&#10;  1 2 3 4 5 6 7 8 9 10&#10;A X M ~ ~ ~ ~ ~ ~ ~ ~ &#10;B X ~ ~ ~ ~ ~ ~ ~ X ~ &#10;C X ~ ~ ~ ~ ~ ~ ~ X ~ &#10;D X ~ ~ ~ ~ ~ ~ ~ X ~ &#10;E ~ ~ ~ M ~ ~ ~ ~ M ~ &#10;F ~ ~ X X X X ~ ~ ~ ~ &#10;G ~ ~ ~ ~ ~ ~ ~ ~ ~ ~ &#10;H ~ ~ ~ ~ ~ ~ ~ ~ ~ ~ &#10;I ~ ~ ~ ~ ~ ~ ~ ~ ~ ~ &#10;J ~ ~ ~ ~ ~ ~ ~ ~ ~ ~ &#10;&#10;You hit a ship! Try again:&#10;&#10;&gt; F7&#10;&#10;  1 2 3 4 5 6 7 8 9 10&#10;A X M ~ ~ ~ ~ ~ ~ ~ ~ &#10;B X ~ ~ ~ ~ ~ ~ ~ X ~ &#10;C X ~ ~ ~ ~ ~ ~ ~ X ~ &#10;D X ~ ~ ~ ~ ~ ~ ~ X ~ &#10;E ~ ~ ~ M ~ ~ ~ ~ M ~ &#10;F ~ ~ X X X X X ~ ~ ~ &#10;G ~ ~ ~ ~ ~ ~ ~ ~ ~ ~ &#10;H ~ ~ ~ ~ ~ ~ ~ ~ ~ ~ &#10;I ~ ~ ~ ~ ~ ~ ~ ~ ~ ~ &#10;J ~ ~ ~ ~ ~ ~ ~ ~ ~ ~ &#10;&#10;You sank a ship! Specify a new target:&#10;&#10;&gt; F10&#10;&#10;  1 2 3 4 5 6 7 8 9 10&#10;A X M ~ ~ ~ ~ ~ ~ ~ ~ &#10;B X ~ ~ ~ ~ ~ ~ ~ X ~ &#10;C X ~ ~ ~ ~ ~ ~ ~ X ~ &#10;D X ~ ~ ~ ~ ~ ~ ~ X ~ &#10;E ~ ~ ~ M ~ ~ ~ ~ M ~ &#10;F ~ ~ X X X X X ~ ~ M &#10;G ~ ~ ~ ~ ~ ~ ~ ~ ~ ~ &#10;H ~ ~ ~ ~ ~ ~ ~ ~ ~ ~ &#10;I ~ ~ ~ ~ ~ ~ ~ ~ ~ ~ &#10;J ~ ~ ~ ~ ~ ~ ~ ~ ~ ~ &#10;&#10;You missed! Try again:&#10;&#10;&gt; G8&#10;&#10;  1 2 3 4 5 6 7 8 9 10&#10;A X M ~ ~ ~ ~ ~ ~ ~ ~ &#10;B X ~ ~ ~ ~ ~ ~ ~ X ~ &#10;C X ~ ~ ~ ~ ~ ~ ~ X ~ &#10;D X ~ ~ ~ ~ ~ ~ ~ X ~ &#10;E ~ ~ ~ M ~ ~ ~ ~ M ~ &#10;F ~ ~ X X X X X ~ ~ M &#10;G ~ ~ ~ ~ ~ ~ ~ M ~ ~ &#10;H ~ ~ ~ ~ ~ ~ ~ ~ ~ ~ &#10;I ~ ~ ~ ~ ~ ~ ~ ~ ~ ~ &#10;J ~ ~ ~ ~ ~ ~ ~ ~ ~ ~ &#10;&#10;You missed! Try again:&#10;&#10;&gt; G5&#10;&#10;  1 2 3 4 5 6 7 8 9 10&#10;A X M ~ ~ ~ ~ ~ ~ ~ ~ &#10;B X ~ ~ ~ ~ ~ ~ ~ X ~ &#10;C X ~ ~ ~ ~ ~ ~ ~ X ~ &#10;D X ~ ~ ~ ~ ~ ~ ~ X ~ &#10;E ~ ~ ~ M ~ ~ ~ ~ M ~ &#10;F ~ ~ X X X X X ~ ~ M &#10;G ~ ~ ~ ~ M ~ ~ M ~ ~ &#10;H ~ ~ ~ ~ ~ ~ ~ ~ ~ ~ &#10;I ~ ~ ~ ~ ~ ~ ~ ~ ~ ~ &#10;J ~ ~ ~ ~ ~ ~ ~ ~ ~ ~ &#10;&#10;You missed! Try again:&#10;&#10;&gt; H2&#10;&#10;  1 2 3 4 5 6 7 8 9 10&#10;A X M ~ ~ ~ ~ ~ ~ ~ ~ &#10;B X ~ ~ ~ ~ ~ ~ ~ X ~ &#10;C X ~ ~ ~ ~ ~ ~ ~ X ~ &#10;D X ~ ~ ~ ~ ~ ~ ~ X ~ &#10;E ~ ~ ~ M ~ ~ ~ ~ M ~ &#10;F ~ ~ X X X X X ~ ~ M &#10;G ~ ~ ~ ~ M ~ ~ M ~ ~ &#10;H ~ M ~ ~ ~ ~ ~ ~ ~ ~ &#10;I ~ ~ ~ ~ ~ ~ ~ ~ ~ ~ &#10;J ~ ~ ~ ~ ~ ~ ~ ~ ~ ~ &#10;&#10;You missed! Try again:&#10;&#10;&gt; I2&#10;&#10;  1 2 3 4 5 6 7 8 9 10&#10;A X M ~ ~ ~ ~ ~ ~ ~ ~ &#10;B X ~ ~ ~ ~ ~ ~ ~ X ~ &#10;C X ~ ~ ~ ~ ~ ~ ~ X ~ &#10;D X ~ ~ ~ ~ ~ ~ ~ X ~ &#10;E ~ ~ ~ M ~ ~ ~ ~ M ~ &#10;F ~ ~ X X X X X ~ ~ M &#10;G ~ ~ ~ ~ M ~ ~ M ~ ~ &#10;H ~ M ~ ~ ~ ~ ~ ~ ~ ~ &#10;I ~ X ~ ~ ~ ~ ~ ~ ~ ~ &#10;J ~ ~ ~ ~ ~ ~ ~ ~ ~ ~ &#10;&#10;You hit a ship! Try again:&#10;&#10;&gt; J2&#10;&#10;  1 2 3 4 5 6 7 8 9 10&#10;A X M ~ ~ ~ ~ ~ ~ ~ ~ &#10;B X ~ ~ ~ ~ ~ ~ ~ X ~ &#10;C X ~ ~ ~ ~ ~ ~ ~ X ~ &#10;D X ~ ~ ~ ~ ~ ~ ~ X ~ &#10;E ~ ~ ~ M ~ ~ ~ ~ M ~ &#10;F ~ ~ X X X X X ~ ~ M &#10;G ~ ~ ~ ~ M ~ ~ M ~ ~ &#10;H ~ M ~ ~ ~ ~ ~ ~ ~ ~ &#10;I ~ X ~ ~ ~ ~ ~ ~ ~ ~ &#10;J ~ X ~ ~ ~ ~ ~ ~ ~ ~ &#10;&#10;You hit a ship! Try again:&#10;&#10;&gt; J6&#10;&#10;  1 2 3 4 5 6 7 8 9 10&#10;A X M ~ ~ ~ ~ ~ ~ ~ ~ &#10;B X ~ ~ ~ ~ ~ ~ ~ X ~ &#10;C X ~ ~ ~ ~ ~ ~ ~ X ~ &#10;D X ~ ~ ~ ~ ~ ~ ~ X ~ &#10;E ~ ~ ~ M ~ ~ ~ ~ M ~ &#10;F ~ ~ X X X X X ~ ~ M &#10;G ~ ~ ~ ~ M ~ ~ M ~ ~ &#10;H ~ M ~ ~ ~ ~ ~ ~ ~ ~ &#10;I ~ X ~ ~ ~ ~ ~ ~ ~ ~ &#10;J ~ X ~ ~ ~ M ~ ~ ~ ~ &#10;&#10;You missed! Try again:&#10;&#10;&gt; J8&#10;&#10;  1 2 3 4 5 6 7 8 9 10&#10;A X M ~ ~ ~ ~ ~ ~ ~ ~ &#10;B X ~ ~ ~ ~ ~ ~ ~ X ~ &#10;C X ~ ~ ~ ~ ~ ~ ~ X ~ &#10;D X ~ ~ ~ ~ ~ ~ ~ X ~ &#10;E ~ ~ ~ M ~ ~ ~ ~ M ~ &#10;F ~ ~ X X X X X ~ ~ M &#10;G ~ ~ ~ ~ M ~ ~ M ~ ~ &#10;H ~ M ~ ~ ~ ~ ~ ~ ~ ~ &#10;I ~ X ~ ~ ~ ~ ~ ~ ~ ~ &#10;J ~ X ~ ~ ~ M ~ X ~ ~ &#10;&#10;You hit a ship! Try again:&#10;&#10;&gt; J9&#10;&#10;  1 2 3 4 5 6 7 8 9 10&#10;A X M ~ ~ ~ ~ ~ ~ ~ ~ &#10;B X ~ ~ ~ ~ ~ ~ ~ X ~ &#10;C X ~ ~ ~ ~ ~ ~ ~ X ~ &#10;D X ~ ~ ~ ~ ~ ~ ~ X ~ &#10;E ~ ~ ~ M ~ ~ ~ ~ M ~ &#10;F ~ ~ X X X X X ~ ~ M &#10;G ~ ~ ~ ~ M ~ ~ M ~ ~ &#10;H ~ M ~ ~ ~ ~ ~ ~ ~ ~ &#10;I ~ X ~ ~ ~ ~ ~ ~ ~ ~ &#10;J ~ X ~ ~ ~ M ~ X X ~ &#10;&#10;You hit a ship! Try again:&#10;&#10;&gt; J10&#10;&#10;  1 2 3 4 5 6 7 8 9 10&#10;A X M ~ ~ ~ ~ ~ ~ ~ ~ &#10;B X ~ ~ ~ ~ ~ ~ ~ X ~ &#10;C X ~ ~ ~ ~ ~ ~ ~ X ~ &#10;D X ~ ~ ~ ~ ~ ~ ~ X ~ &#10;E ~ ~ ~ M ~ ~ ~ ~ M ~ &#10;F ~ ~ X X X X X ~ ~ M &#10;G ~ ~ ~ ~ M ~ ~ M ~ ~ &#10;H ~ M ~ ~ ~ ~ ~ ~ ~ ~ &#10;I ~ X ~ ~ ~ ~ ~ ~ ~ ~ &#10;J ~ X ~ ~ ~ M ~ X X X &#10;&#10;You sank a ship! Specify a new target:" type="java.lang.AssertionError">java.lang.AssertionError: Wrong answer in test #1

At the end of the game, your program should print a congratulatory message to the winner: You sank the last ship. You won. Congratulations!

Please find below the output of your program during this failed test.
Note that the '&gt;' character indicates the beginning of the input line.

---

[last 250 lines of output are shown, 285 skipped]
C X ~ ~ ~ ~ ~ ~ ~ X ~ 
D X ~ ~ ~ ~ ~ ~ ~ X ~ 
E ~ ~ ~ M ~ ~ ~ ~ M ~ 
F ~ ~ ~ ~ ~ ~ ~ ~ ~ ~ 
G ~ ~ ~ ~ ~ ~ ~ ~ ~ ~ 
H ~ ~ ~ ~ ~ ~ ~ ~ ~ ~ 
I ~ ~ ~ ~ ~ ~ ~ ~ ~ ~ 
J ~ ~ ~ ~ ~ ~ ~ ~ ~ ~ 

You missed! Try again:

&gt; F3

  1 2 3 4 5 6 7 8 9 10
A X M ~ ~ ~ ~ ~ ~ ~ ~ 
B X ~ ~ ~ ~ ~ ~ ~ X ~ 
C X ~ ~ ~ ~ ~ ~ ~ X ~ 
D X ~ ~ ~ ~ ~ ~ ~ X ~ 
E ~ ~ ~ M ~ ~ ~ ~ M ~ 
F ~ ~ X ~ ~ ~ ~ ~ ~ ~ 
G ~ ~ ~ ~ ~ ~ ~ ~ ~ ~ 
H ~ ~ ~ ~ ~ ~ ~ ~ ~ ~ 
I ~ ~ ~ ~ ~ ~ ~ ~ ~ ~ 
J ~ ~ ~ ~ ~ ~ ~ ~ ~ ~ 

You hit a ship! Try again:

&gt; F4

  1 2 3 4 5 6 7 8 9 10
A X M ~ ~ ~ ~ ~ ~ ~ ~ 
B X ~ ~ ~ ~ ~ ~ ~ X ~ 
C X ~ ~ ~ ~ ~ ~ ~ X ~ 
D X ~ ~ ~ ~ ~ ~ ~ X ~ 
E ~ ~ ~ M ~ ~ ~ ~ M ~ 
F ~ ~ X X ~ ~ ~ ~ ~ ~ 
G ~ ~ ~ ~ ~ ~ ~ ~ ~ ~ 
H ~ ~ ~ ~ ~ ~ ~ ~ ~ ~ 
I ~ ~ ~ ~ ~ ~ ~ ~ ~ ~ 
J ~ ~ ~ ~ ~ ~ ~ ~ ~ ~ 

You hit a ship! Try again:

&gt; F5

  1 2 3 4 5 6 7 8 9 10
A X M ~ ~ ~ ~ ~ ~ ~ ~ 
B X ~ ~ ~ ~ ~ ~ ~ X ~ 
C X ~ ~ ~ ~ ~ ~ ~ X ~ 
D X ~ ~ ~ ~ ~ ~ ~ X ~ 
E ~ ~ ~ M ~ ~ ~ ~ M ~ 
F ~ ~ X X X ~ ~ ~ ~ ~ 
G ~ ~ ~ ~ ~ ~ ~ ~ ~ ~ 
H ~ ~ ~ ~ ~ ~ ~ ~ ~ ~ 
I ~ ~ ~ ~ ~ ~ ~ ~ ~ ~ 
J ~ ~ ~ ~ ~ ~ ~ ~ ~ ~ 

You hit a ship! Try again:

&gt; F6

  1 2 3 4 5 6 7 8 9 10
A X M ~ ~ ~ ~ ~ ~ ~ ~ 
B X ~ ~ ~ ~ ~ ~ ~ X ~ 
C X ~ ~ ~ ~ ~ ~ ~ X ~ 
D X ~ ~ ~ ~ ~ ~ ~ X ~ 
E ~ ~ ~ M ~ ~ ~ ~ M ~ 
F ~ ~ X X X X ~ ~ ~ ~ 
G ~ ~ ~ ~ ~ ~ ~ ~ ~ ~ 
H ~ ~ ~ ~ ~ ~ ~ ~ ~ ~ 
I ~ ~ ~ ~ ~ ~ ~ ~ ~ ~ 
J ~ ~ ~ ~ ~ ~ ~ ~ ~ ~ 

You hit a ship! Try again:

&gt; F7

  1 2 3 4 5 6 7 8 9 10
A X M ~ ~ ~ ~ ~ ~ ~ ~ 
B X ~ ~ ~ ~ ~ ~ ~ X ~ 
C X ~ ~ ~ ~ ~ ~ ~ X ~ 
D X ~ ~ ~ ~ ~ ~ ~ X ~ 
E ~ ~ ~ M ~ ~ ~ ~ M ~ 
F ~ ~ X X X X X ~ ~ ~ 
G ~ ~ ~ ~ ~ ~ ~ ~ ~ ~ 
H ~ ~ ~ ~ ~ ~ ~ ~ ~ ~ 
I ~ ~ ~ ~ ~ ~ ~ ~ ~ ~ 
J ~ ~ ~ ~ ~ ~ ~ ~ ~ ~ 

You sank a ship! Specify a new target:

&gt; F10

  1 2 3 4 5 6 7 8 9 10
A X M ~ ~ ~ ~ ~ ~ ~ ~ 
B X ~ ~ ~ ~ ~ ~ ~ X ~ 
C X ~ ~ ~ ~ ~ ~ ~ X ~ 
D X ~ ~ ~ ~ ~ ~ ~ X ~ 
E ~ ~ ~ M ~ ~ ~ ~ M ~ 
F ~ ~ X X X X X ~ ~ M 
G ~ ~ ~ ~ ~ ~ ~ ~ ~ ~ 
H ~ ~ ~ ~ ~ ~ ~ ~ ~ ~ 
I ~ ~ ~ ~ ~ ~ ~ ~ ~ ~ 
J ~ ~ ~ ~ ~ ~ ~ ~ ~ ~ 

You missed! Try again:

&gt; G8

  1 2 3 4 5 6 7 8 9 10
A X M ~ ~ ~ ~ ~ ~ ~ ~ 
B X ~ ~ ~ ~ ~ ~ ~ X ~ 
C X ~ ~ ~ ~ ~ ~ ~ X ~ 
D X ~ ~ ~ ~ ~ ~ ~ X ~ 
E ~ ~ ~ M ~ ~ ~ ~ M ~ 
F ~ ~ X X X X X ~ ~ M 
G ~ ~ ~ ~ ~ ~ ~ M ~ ~ 
H ~ ~ ~ ~ ~ ~ ~ ~ ~ ~ 
I ~ ~ ~ ~ ~ ~ ~ ~ ~ ~ 
J ~ ~ ~ ~ ~ ~ ~ ~ ~ ~ 

You missed! Try again:

&gt; G5

  1 2 3 4 5 6 7 8 9 10
A X M ~ ~ ~ ~ ~ ~ ~ ~ 
B X ~ ~ ~ ~ ~ ~ ~ X ~ 
C X ~ ~ ~ ~ ~ ~ ~ X ~ 
D X ~ ~ ~ ~ ~ ~ ~ X ~ 
E ~ ~ ~ M ~ ~ ~ ~ M ~ 
F ~ ~ X X X X X ~ ~ M 
G ~ ~ ~ ~ M ~ ~ M ~ ~ 
H ~ ~ ~ ~ ~ ~ ~ ~ ~ ~ 
I ~ ~ ~ ~ ~ ~ ~ ~ ~ ~ 
J ~ ~ ~ ~ ~ ~ ~ ~ ~ ~ 

You missed! Try again:

&gt; H2

  1 2 3 4 5 6 7 8 9 10
A X M ~ ~ ~ ~ ~ ~ ~ ~ 
B X ~ ~ ~ ~ ~ ~ ~ X ~ 
C X ~ ~ ~ ~ ~ ~ ~ X ~ 
D X ~ ~ ~ ~ ~ ~ ~ X ~ 
E ~ ~ ~ M ~ ~ ~ ~ M ~ 
F ~ ~ X X X X X ~ ~ M 
G ~ ~ ~ ~ M ~ ~ M ~ ~ 
H ~ M ~ ~ ~ ~ ~ ~ ~ ~ 
I ~ ~ ~ ~ ~ ~ ~ ~ ~ ~ 
J ~ ~ ~ ~ ~ ~ ~ ~ ~ ~ 

You missed! Try again:

&gt; I2

  1 2 3 4 5 6 7 8 9 10
A X M ~ ~ ~ ~ ~ ~ ~ ~ 
B X ~ ~ ~ ~ ~ ~ ~ X ~ 
C X ~ ~ ~ ~ ~ ~ ~ X ~ 
D X ~ ~ ~ ~ ~ ~ ~ X ~ 
E ~ ~ ~ M ~ ~ ~ ~ M ~ 
F ~ ~ X X X X X ~ ~ M 
G ~ ~ ~ ~ M ~ ~ M ~ ~ 
H ~ M ~ ~ ~ ~ ~ ~ ~ ~ 
I ~ X ~ ~ ~ ~ ~ ~ ~ ~ 
J ~ ~ ~ ~ ~ ~ ~ ~ ~ ~ 

You hit a ship! Try again:

&gt; J2

  1 2 3 4 5 6 7 8 9 10
A X M ~ ~ ~ ~ ~ ~ ~ ~ 
B X ~ ~ ~ ~ ~ ~ ~ X ~ 
C X ~ ~ ~ ~ ~ ~ ~ X ~ 
D X ~ ~ ~ ~ ~ ~ ~ X ~ 
E ~ ~ ~ M ~ ~ ~ ~ M ~ 
F ~ ~ X X X X X ~ ~ M 
G ~ ~ ~ ~ M ~ ~ M ~ ~ 
H ~ M ~ ~ ~ ~ ~ ~ ~ ~ 
I ~ X ~ ~ ~ ~ ~ ~ ~ ~ 
J ~ X ~ ~ ~ ~ ~ ~ ~ ~ 

You hit a ship! Try again:

&gt; J6

  1 2 3 4 5 6 7 8 9 10
A X M ~ ~ ~ ~ ~ ~ ~ ~ 
B X ~ ~ ~ ~ ~ ~ ~ X ~ 
C X ~ ~ ~ ~ ~ ~ ~ X ~ 
D X ~ ~ ~ ~ ~ ~ ~ X ~ 
E ~ ~ ~ M ~ ~ ~ ~ M ~ 
F ~ ~ X X X X X ~ ~ M 
G ~ ~ ~ ~ M ~ ~ M ~ ~ 
H ~ M ~ ~ ~ ~ ~ ~ ~ ~ 
I ~ X ~ ~ ~ ~ ~ ~ ~ ~ 
J ~ X ~ ~ ~ M ~ ~ ~ ~ 

You missed! Try again:

&gt; J8

  1 2 3 4 5 6 7 8 9 10
A X M ~ ~ ~ ~ ~ ~ ~ ~ 
B X ~ ~ ~ ~ ~ ~ ~ X ~ 
C X ~ ~ ~ ~ ~ ~ ~ X ~ 
D X ~ ~ ~ ~ ~ ~ ~ X ~ 
E ~ ~ ~ M ~ ~ ~ ~ M ~ 
F ~ ~ X X X X X ~ ~ M 
G ~ ~ ~ ~ M ~ ~ M ~ ~ 
H ~ M ~ ~ ~ ~ ~ ~ ~ ~ 
I ~ X ~ ~ ~ ~ ~ ~ ~ ~ 
J ~ X ~ ~ ~ M ~ X ~ ~ 

You hit a ship! Try again:

&gt; J9

  1 2 3 4 5 6 7 8 9 10
A X M ~ ~ ~ ~ ~ ~ ~ ~ 
B X ~ ~ ~ ~ ~ ~ ~ X ~ 
C X ~ ~ ~ ~ ~ ~ ~ X ~ 
D X ~ ~ ~ ~ ~ ~ ~ X ~ 
E ~ ~ ~ M ~ ~ ~ ~ M ~ 
F ~ ~ X X X X X ~ ~ M 
G ~ ~ ~ ~ M ~ ~ M ~ ~ 
H ~ M ~ ~ ~ ~ ~ ~ ~ ~ 
I ~ X ~ ~ ~ ~ ~ ~ ~ ~ 
J ~ X ~ ~ ~ M ~ X X ~ 

You hit a ship! Try again:

&gt; J10

  1 2 3 4 5 6 7 8 9 10
A X M ~ ~ ~ ~ ~ ~ ~ ~ 
B X ~ ~ ~ ~ ~ ~ ~ X ~ 
C X ~ ~ ~ ~ ~ ~ ~ X ~ 
D X ~ ~ ~ ~ ~ ~ ~ X ~ 
E ~ ~ ~ M ~ ~ ~ ~ M ~ 
F ~ ~ X X X X X ~ ~ M 
G ~ ~ ~ ~ M ~ ~ M ~ ~ 
H ~ M ~ ~ ~ ~ ~ ~ ~ ~ 
I ~ X ~ ~ ~ ~ ~ ~ ~ ~ 
J ~ X ~ ~ ~ M ~ X X X 

You sank a ship! Specify a new target:
	at org.junit.Assert.fail(Assert.java:88)
	at org.hyperskill.hstest.stage.StageTest.start(StageTest.java:155)
	at java.base/jdk.internal.reflect.NativeMethodAccessorImpl.invoke0(Native Method)
	at java.base/jdk.internal.reflect.NativeMethodAccessorImpl.invoke(NativeMethodAccessorImpl.java:77)
	at java.base/jdk.internal.reflect.DelegatingMethodAccessorImpl.invoke(DelegatingMethodAccessorImpl.java:43)
	at java.base/java.lang.reflect.Method.invoke(Method.java:568)
	at org.junit.runners.model.FrameworkMethod$1.runReflectiveCall(FrameworkMethod.java:50)
	at org.junit.internal.runners.model.ReflectiveCallable.run(ReflectiveCallable.java:12)
	at org.junit.runners.model.FrameworkMethod.invokeExplosively(FrameworkMethod.java:47)
	at org.junit.internal.runners.statements.InvokeMethod.evaluate(InvokeMethod.java:17)
	at org.junit.runners.ParentRunner.runLeaf(ParentRunner.java:325)
	at org.junit.runners.BlockJUnit4ClassRunner.runChild(BlockJUnit4ClassRunner.java:78)
	at org.junit.runners.BlockJUnit4ClassRunner.runChild(BlockJUnit4ClassRunner.java:57)
	at org.junit.runners.ParentRunner$3.run(ParentRunner.java:290)
	at org.junit.runners.ParentRunner$1.schedule(ParentRunner.java:71)
	at org.junit.runners.ParentRunner.runChildren(ParentRunner.java:288)
	at org.junit.runners.ParentRunner.access$000(ParentRunner.java:58)
	at org.junit.runners.ParentRunner$2.evaluate(ParentRunner.java:268)
	at org.junit.runners.ParentRunner.run(ParentRunner.java:363)
	at org.gradle.api.internal.tasks.testing.junit.JUnitTestClassExecutor.runTestClass(JUnitTestClassExecutor.java:110)
	at org.gradle.api.internal.tasks.testing.junit.JUnitTestClassExecutor.execute(JUnitTestClassExecutor.java:58)
	at org.gradle.api.internal.tasks.testing.junit.JUnitTestClassExecutor.execute(JUnitTestClassExecutor.java:38)
	at org.gradle.api.internal.tasks.testing.junit.AbstractJUnitTestClassProcessor.processTestClass(AbstractJUnitTestClassProcessor.java:62)
	at org.gradle.api.internal.tasks.testing.SuiteTestClassProcessor.processTestClass(SuiteTestClassProcessor.java:51)
	at java.base/jdk.internal.reflect.NativeMethodAccessorImpl.invoke0(Native Method)
	at java.base/jdk.internal.reflect.NativeMethodAccessorImpl.invoke(NativeMethodAccessorImpl.java:77)
	at java.base/jdk.internal.reflect.DelegatingMethodAccessorImpl.invoke(DelegatingMethodAccessorImpl.java:43)
	at java.base/java.lang.reflect.Method.invoke(Method.java:568)
	at org.gradle.internal.dispatch.ReflectionDispatch.dispatch(ReflectionDispatch.java:36)
	at org.gradle.internal.dispatch.ReflectionDispatch.dispatch(ReflectionDispatch.java:24)
	at org.gradle.internal.dispatch.ContextClassLoaderDispatch.dispatch(ContextClassLoaderDispatch.java:33)
	at org.gradle.internal.dispatch.ProxyDispatchAdapter$DispatchingInvocationHandler.invoke(ProxyDispatchAdapter.java:94)
	at jdk.proxy1/jdk.proxy1.$Proxy2.processTestClass(Unknown Source)
	at org.gradle.api.internal.tasks.testing.worker.TestWorker$2.run(TestWorker.java:176)
	at org.gradle.api.internal.tasks.testing.worker.TestWorker.executeAndMaintainThreadName(TestWorker.java:129)
	at org.gradle.api.internal.tasks.testing.worker.TestWorker.execute(TestWorker.java:100)
	at org.gradle.api.internal.tasks.testing.worker.TestWorker.execute(TestWorker.java:60)
	at org.gradle.process.internal.worker.child.ActionExecutionWorker.execute(ActionExecutionWorker.java:56)
	at org.gradle.process.internal.worker.child.SystemApplicationClassLoaderWorker.call(SystemApplicationClassLoaderWorker.java:133)
	at org.gradle.process.internal.worker.child.SystemApplicationClassLoaderWorker.call(SystemApplicationClassLoaderWorker.java:71)
	at worker.org.gradle.process.internal.worker.GradleWorkerMain.run(GradleWorkerMain.java:69)
	at worker.org.gradle.process.internal.worker.GradleWorkerMain.main(GradleWorkerMain.java:74)
</failure>
  </testcase>
  <system-out><![CDATA[?[1;31m
Start test 1?[0m
  1 2 3 4 5 6 7 8 9 10
A ~ ~ ~ ~ ~ ~ ~ ~ ~ ~ 
B ~ ~ ~ ~ ~ ~ ~ ~ ~ ~ 
C ~ ~ ~ ~ ~ ~ ~ ~ ~ ~ 
D ~ ~ ~ ~ ~ ~ ~ ~ ~ ~ 
E ~ ~ ~ ~ ~ ~ ~ ~ ~ ~ 
F ~ ~ ~ ~ ~ ~ ~ ~ ~ ~ 
G ~ ~ ~ ~ ~ ~ ~ ~ ~ ~ 
H ~ ~ ~ ~ ~ ~ ~ ~ ~ ~ 
I ~ ~ ~ ~ ~ ~ ~ ~ ~ ~ 
J ~ ~ ~ ~ ~ ~ ~ ~ ~ ~ 

Enter the coordinates of the Aircraft Carrier (5 cells):

> F3 F7
  1 2 3 4 5 6 7 8 9 10
A ~ ~ ~ ~ ~ ~ ~ ~ ~ ~ 
B ~ ~ ~ ~ ~ ~ ~ ~ ~ ~ 
C ~ ~ ~ ~ ~ ~ ~ ~ ~ ~ 
D ~ ~ ~ ~ ~ ~ ~ ~ ~ ~ 
E ~ ~ ~ ~ ~ ~ ~ ~ ~ ~ 
F ~ ~ O O O O O ~ ~ ~ 
G ~ ~ ~ ~ ~ ~ ~ ~ ~ ~ 
H ~ ~ ~ ~ ~ ~ ~ ~ ~ ~ 
I ~ ~ ~ ~ ~ ~ ~ ~ ~ ~ 
J ~ ~ ~ ~ ~ ~ ~ ~ ~ ~ 

Enter the coordinates of the Battleship (4 cells):

> A1 D1
  1 2 3 4 5 6 7 8 9 10
A O ~ ~ ~ ~ ~ ~ ~ ~ ~ 
B O ~ ~ ~ ~ ~ ~ ~ ~ ~ 
C O ~ ~ ~ ~ ~ ~ ~ ~ ~ 
D O ~ ~ ~ ~ ~ ~ ~ ~ ~ 
E ~ ~ ~ ~ ~ ~ ~ ~ ~ ~ 
F ~ ~ O O O O O ~ ~ ~ 
G ~ ~ ~ ~ ~ ~ ~ ~ ~ ~ 
H ~ ~ ~ ~ ~ ~ ~ ~ ~ ~ 
I ~ ~ ~ ~ ~ ~ ~ ~ ~ ~ 
J ~ ~ ~ ~ ~ ~ ~ ~ ~ ~ 

Enter the coordinates of the Submarine (3 cells):

> J7 J10
Error! Wrong length of the Submarine! Try again:

> J10 J8
  1 2 3 4 5 6 7 8 9 10
A O ~ ~ ~ ~ ~ ~ ~ ~ ~ 
B O ~ ~ ~ ~ ~ ~ ~ ~ ~ 
C O ~ ~ ~ ~ ~ ~ ~ ~ ~ 
D O ~ ~ ~ ~ ~ ~ ~ ~ ~ 
E ~ ~ ~ ~ ~ ~ ~ ~ ~ ~ 
F ~ ~ O O O O O ~ ~ ~ 
G ~ ~ ~ ~ ~ ~ ~ ~ ~ ~ 
H ~ ~ ~ ~ ~ ~ ~ ~ ~ ~ 
I ~ ~ ~ ~ ~ ~ ~ ~ ~ ~ 
J ~ ~ ~ ~ ~ ~ ~ O O O 

Enter the coordinates of the Cruiser (3 cells):

> B9 D8
Error! Wrong ship location! Try again:

> B9 D9
  1 2 3 4 5 6 7 8 9 10
A O ~ ~ ~ ~ ~ ~ ~ ~ ~ 
B O ~ ~ ~ ~ ~ ~ ~ O ~ 
C O ~ ~ ~ ~ ~ ~ ~ O ~ 
D O ~ ~ ~ ~ ~ ~ ~ O ~ 
E ~ ~ ~ ~ ~ ~ ~ ~ ~ ~ 
F ~ ~ O O O O O ~ ~ ~ 
G ~ ~ ~ ~ ~ ~ ~ ~ ~ ~ 
H ~ ~ ~ ~ ~ ~ ~ ~ ~ ~ 
I ~ ~ ~ ~ ~ ~ ~ ~ ~ ~ 
J ~ ~ ~ ~ ~ ~ ~ O O O 

  1 2 3 4 5 6 7 8 9 10
A O ~ ~ ~ ~ ~ ~ ~ ~ ~ 
B O ~ ~ ~ ~ ~ ~ ~ O ~ 
C O ~ ~ ~ ~ ~ ~ ~ O ~ 
D O ~ ~ ~ ~ ~ ~ ~ O ~ 
E ~ ~ ~ ~ ~ ~ ~ ~ ~ ~ 
F ~ ~ O O O O O ~ ~ ~ 
G ~ ~ ~ ~ ~ ~ ~ ~ ~ ~ 
H ~ ~ ~ ~ ~ ~ ~ ~ ~ ~ 
I ~ ~ ~ ~ ~ ~ ~ ~ ~ ~ 
J ~ ~ ~ ~ ~ ~ ~ O O O 

Enter the coordinates of the Destroyer (2 cells):

> E6 D6
Error! You placed it too close to another one. Try again:

> I2 J2
  1 2 3 4 5 6 7 8 9 10
A O ~ ~ ~ ~ ~ ~ ~ ~ ~ 
B O ~ ~ ~ ~ ~ ~ ~ O ~ 
C O ~ ~ ~ ~ ~ ~ ~ O ~ 
D O ~ ~ ~ ~ ~ ~ ~ O ~ 
E ~ ~ ~ ~ ~ ~ ~ ~ ~ ~ 
F ~ ~ O O O O O ~ ~ ~ 
G ~ ~ ~ ~ ~ ~ ~ ~ ~ ~ 
H ~ ~ ~ ~ ~ ~ ~ ~ ~ ~ 
I ~ O ~ ~ ~ ~ ~ ~ ~ ~ 
J ~ O ~ ~ ~ ~ ~ O O O 

  1 2 3 4 5 6 7 8 9 10
A O ~ ~ ~ ~ ~ ~ ~ ~ ~ 
B O ~ ~ ~ ~ ~ ~ ~ O ~ 
C O ~ ~ ~ ~ ~ ~ ~ O ~ 
D O ~ ~ ~ ~ O ~ ~ O ~ 
E ~ ~ ~ ~ ~ O ~ ~ ~ ~ 
F ~ ~ O O O O O ~ ~ ~ 
G ~ ~ ~ ~ ~ ~ ~ ~ ~ ~ 
H ~ ~ ~ ~ ~ ~ ~ ~ ~ ~ 
I ~ O ~ ~ ~ ~ ~ ~ ~ ~ 
J ~ O ~ ~ ~ ~ ~ O O O 

The game starts!

  1 2 3 4 5 6 7 8 9 10
A ~ ~ ~ ~ ~ ~ ~ ~ ~ ~ 
B ~ ~ ~ ~ ~ ~ ~ ~ ~ ~ 
C ~ ~ ~ ~ ~ ~ ~ ~ ~ ~ 
D ~ ~ ~ ~ ~ ~ ~ ~ ~ ~ 
E ~ ~ ~ ~ ~ ~ ~ ~ ~ ~ 
F ~ ~ ~ ~ ~ ~ ~ ~ ~ ~ 
G ~ ~ ~ ~ ~ ~ ~ ~ ~ ~ 
H ~ ~ ~ ~ ~ ~ ~ ~ ~ ~ 
I ~ ~ ~ ~ ~ ~ ~ ~ ~ ~ 
J ~ ~ ~ ~ ~ ~ ~ ~ ~ ~ 

Take a shot!

> A1

  1 2 3 4 5 6 7 8 9 10
A X ~ ~ ~ ~ ~ ~ ~ ~ ~ 
B ~ ~ ~ ~ ~ ~ ~ ~ ~ ~ 
C ~ ~ ~ ~ ~ ~ ~ ~ ~ ~ 
D ~ ~ ~ ~ ~ ~ ~ ~ ~ ~ 
E ~ ~ ~ ~ ~ ~ ~ ~ ~ ~ 
F ~ ~ ~ ~ ~ ~ ~ ~ ~ ~ 
G ~ ~ ~ ~ ~ ~ ~ ~ ~ ~ 
H ~ ~ ~ ~ ~ ~ ~ ~ ~ ~ 
I ~ ~ ~ ~ ~ ~ ~ ~ ~ ~ 
J ~ ~ ~ ~ ~ ~ ~ ~ ~ ~ 

You hit a ship! Try again:

> A2

  1 2 3 4 5 6 7 8 9 10
A X M ~ ~ ~ ~ ~ ~ ~ ~ 
B ~ ~ ~ ~ ~ ~ ~ ~ ~ ~ 
C ~ ~ ~ ~ ~ ~ ~ ~ ~ ~ 
D ~ ~ ~ ~ ~ ~ ~ ~ ~ ~ 
E ~ ~ ~ ~ ~ ~ ~ ~ ~ ~ 
F ~ ~ ~ ~ ~ ~ ~ ~ ~ ~ 
G ~ ~ ~ ~ ~ ~ ~ ~ ~ ~ 
H ~ ~ ~ ~ ~ ~ ~ ~ ~ ~ 
I ~ ~ ~ ~ ~ ~ ~ ~ ~ ~ 
J ~ ~ ~ ~ ~ ~ ~ ~ ~ ~ 

You missed! Try again:

> B1

  1 2 3 4 5 6 7 8 9 10
A X M ~ ~ ~ ~ ~ ~ ~ ~ 
B X ~ ~ ~ ~ ~ ~ ~ ~ ~ 
C ~ ~ ~ ~ ~ ~ ~ ~ ~ ~ 
D ~ ~ ~ ~ ~ ~ ~ ~ ~ ~ 
E ~ ~ ~ ~ ~ ~ ~ ~ ~ ~ 
F ~ ~ ~ ~ ~ ~ ~ ~ ~ ~ 
G ~ ~ ~ ~ ~ ~ ~ ~ ~ ~ 
H ~ ~ ~ ~ ~ ~ ~ ~ ~ ~ 
I ~ ~ ~ ~ ~ ~ ~ ~ ~ ~ 
J ~ ~ ~ ~ ~ ~ ~ ~ ~ ~ 

You hit a ship! Try again:

> C1

  1 2 3 4 5 6 7 8 9 10
A X M ~ ~ ~ ~ ~ ~ ~ ~ 
B X ~ ~ ~ ~ ~ ~ ~ ~ ~ 
C X ~ ~ ~ ~ ~ ~ ~ ~ ~ 
D ~ ~ ~ ~ ~ ~ ~ ~ ~ ~ 
E ~ ~ ~ ~ ~ ~ ~ ~ ~ ~ 
F ~ ~ ~ ~ ~ ~ ~ ~ ~ ~ 
G ~ ~ ~ ~ ~ ~ ~ ~ ~ ~ 
H ~ ~ ~ ~ ~ ~ ~ ~ ~ ~ 
I ~ ~ ~ ~ ~ ~ ~ ~ ~ ~ 
J ~ ~ ~ ~ ~ ~ ~ ~ ~ ~ 

You hit a ship! Try again:

> D1

  1 2 3 4 5 6 7 8 9 10
A X M ~ ~ ~ ~ ~ ~ ~ ~ 
B X ~ ~ ~ ~ ~ ~ ~ ~ ~ 
C X ~ ~ ~ ~ ~ ~ ~ ~ ~ 
D X ~ ~ ~ ~ ~ ~ ~ ~ ~ 
E ~ ~ ~ ~ ~ ~ ~ ~ ~ ~ 
F ~ ~ ~ ~ ~ ~ ~ ~ ~ ~ 
G ~ ~ ~ ~ ~ ~ ~ ~ ~ ~ 
H ~ ~ ~ ~ ~ ~ ~ ~ ~ ~ 
I ~ ~ ~ ~ ~ ~ ~ ~ ~ ~ 
J ~ ~ ~ ~ ~ ~ ~ ~ ~ ~ 

You sank a ship! Specify a new target:

> E4

  1 2 3 4 5 6 7 8 9 10
A X M ~ ~ ~ ~ ~ ~ ~ ~ 
B X ~ ~ ~ ~ ~ ~ ~ ~ ~ 
C X ~ ~ ~ ~ ~ ~ ~ ~ ~ 
D X ~ ~ ~ ~ ~ ~ ~ ~ ~ 
E ~ ~ ~ M ~ ~ ~ ~ ~ ~ 
F ~ ~ ~ ~ ~ ~ ~ ~ ~ ~ 
G ~ ~ ~ ~ ~ ~ ~ ~ ~ ~ 
H ~ ~ ~ ~ ~ ~ ~ ~ ~ ~ 
I ~ ~ ~ ~ ~ ~ ~ ~ ~ ~ 
J ~ ~ ~ ~ ~ ~ ~ ~ ~ ~ 

You missed! Try again:

> B9

  1 2 3 4 5 6 7 8 9 10
A X M ~ ~ ~ ~ ~ ~ ~ ~ 
B X ~ ~ ~ ~ ~ ~ ~ X ~ 
C X ~ ~ ~ ~ ~ ~ ~ ~ ~ 
D X ~ ~ ~ ~ ~ ~ ~ ~ ~ 
E ~ ~ ~ M ~ ~ ~ ~ ~ ~ 
F ~ ~ ~ ~ ~ ~ ~ ~ ~ ~ 
G ~ ~ ~ ~ ~ ~ ~ ~ ~ ~ 
H ~ ~ ~ ~ ~ ~ ~ ~ ~ ~ 
I ~ ~ ~ ~ ~ ~ ~ ~ ~ ~ 
J ~ ~ ~ ~ ~ ~ ~ ~ ~ ~ 

You hit a ship! Try again:

> C9

  1 2 3 4 5 6 7 8 9 10
A X M ~ ~ ~ ~ ~ ~ ~ ~ 
B X ~ ~ ~ ~ ~ ~ ~ X ~ 
C X ~ ~ ~ ~ ~ ~ ~ X ~ 
D X ~ ~ ~ ~ ~ ~ ~ ~ ~ 
E ~ ~ ~ M ~ ~ ~ ~ ~ ~ 
F ~ ~ ~ ~ ~ ~ ~ ~ ~ ~ 
G ~ ~ ~ ~ ~ ~ ~ ~ ~ ~ 
H ~ ~ ~ ~ ~ ~ ~ ~ ~ ~ 
I ~ ~ ~ ~ ~ ~ ~ ~ ~ ~ 
J ~ ~ ~ ~ ~ ~ ~ ~ ~ ~ 

You hit a ship! Try again:

> D9

  1 2 3 4 5 6 7 8 9 10
A X M ~ ~ ~ ~ ~ ~ ~ ~ 
B X ~ ~ ~ ~ ~ ~ ~ X ~ 
C X ~ ~ ~ ~ ~ ~ ~ X ~ 
D X ~ ~ ~ ~ ~ ~ ~ X ~ 
E ~ ~ ~ M ~ ~ ~ ~ ~ ~ 
F ~ ~ ~ ~ ~ ~ ~ ~ ~ ~ 
G ~ ~ ~ ~ ~ ~ ~ ~ ~ ~ 
H ~ ~ ~ ~ ~ ~ ~ ~ ~ ~ 
I ~ ~ ~ ~ ~ ~ ~ ~ ~ ~ 
J ~ ~ ~ ~ ~ ~ ~ ~ ~ ~ 

You sank a ship! Specify a new target:

> E9

  1 2 3 4 5 6 7 8 9 10
A X M ~ ~ ~ ~ ~ ~ ~ ~ 
B X ~ ~ ~ ~ ~ ~ ~ X ~ 
C X ~ ~ ~ ~ ~ ~ ~ X ~ 
D X ~ ~ ~ ~ ~ ~ ~ X ~ 
E ~ ~ ~ M ~ ~ ~ ~ M ~ 
F ~ ~ ~ ~ ~ ~ ~ ~ ~ ~ 
G ~ ~ ~ ~ ~ ~ ~ ~ ~ ~ 
H ~ ~ ~ ~ ~ ~ ~ ~ ~ ~ 
I ~ ~ ~ ~ ~ ~ ~ ~ ~ ~ 
J ~ ~ ~ ~ ~ ~ ~ ~ ~ ~ 

You missed! Try again:

> F3

  1 2 3 4 5 6 7 8 9 10
A X M ~ ~ ~ ~ ~ ~ ~ ~ 
B X ~ ~ ~ ~ ~ ~ ~ X ~ 
C X ~ ~ ~ ~ ~ ~ ~ X ~ 
D X ~ ~ ~ ~ ~ ~ ~ X ~ 
E ~ ~ ~ M ~ ~ ~ ~ M ~ 
F ~ ~ X ~ ~ ~ ~ ~ ~ ~ 
G ~ ~ ~ ~ ~ ~ ~ ~ ~ ~ 
H ~ ~ ~ ~ ~ ~ ~ ~ ~ ~ 
I ~ ~ ~ ~ ~ ~ ~ ~ ~ ~ 
J ~ ~ ~ ~ ~ ~ ~ ~ ~ ~ 

You hit a ship! Try again:

> F4

  1 2 3 4 5 6 7 8 9 10
A X M ~ ~ ~ ~ ~ ~ ~ ~ 
B X ~ ~ ~ ~ ~ ~ ~ X ~ 
C X ~ ~ ~ ~ ~ ~ ~ X ~ 
D X ~ ~ ~ ~ ~ ~ ~ X ~ 
E ~ ~ ~ M ~ ~ ~ ~ M ~ 
F ~ ~ X X ~ ~ ~ ~ ~ ~ 
G ~ ~ ~ ~ ~ ~ ~ ~ ~ ~ 
H ~ ~ ~ ~ ~ ~ ~ ~ ~ ~ 
I ~ ~ ~ ~ ~ ~ ~ ~ ~ ~ 
J ~ ~ ~ ~ ~ ~ ~ ~ ~ ~ 

You hit a ship! Try again:

> F5

  1 2 3 4 5 6 7 8 9 10
A X M ~ ~ ~ ~ ~ ~ ~ ~ 
B X ~ ~ ~ ~ ~ ~ ~ X ~ 
C X ~ ~ ~ ~ ~ ~ ~ X ~ 
D X ~ ~ ~ ~ ~ ~ ~ X ~ 
E ~ ~ ~ M ~ ~ ~ ~ M ~ 
F ~ ~ X X X ~ ~ ~ ~ ~ 
G ~ ~ ~ ~ ~ ~ ~ ~ ~ ~ 
H ~ ~ ~ ~ ~ ~ ~ ~ ~ ~ 
I ~ ~ ~ ~ ~ ~ ~ ~ ~ ~ 
J ~ ~ ~ ~ ~ ~ ~ ~ ~ ~ 

You hit a ship! Try again:

> F6

  1 2 3 4 5 6 7 8 9 10
A X M ~ ~ ~ ~ ~ ~ ~ ~ 
B X ~ ~ ~ ~ ~ ~ ~ X ~ 
C X ~ ~ ~ ~ ~ ~ ~ X ~ 
D X ~ ~ ~ ~ ~ ~ ~ X ~ 
E ~ ~ ~ M ~ ~ ~ ~ M ~ 
F ~ ~ X X X X ~ ~ ~ ~ 
G ~ ~ ~ ~ ~ ~ ~ ~ ~ ~ 
H ~ ~ ~ ~ ~ ~ ~ ~ ~ ~ 
I ~ ~ ~ ~ ~ ~ ~ ~ ~ ~ 
J ~ ~ ~ ~ ~ ~ ~ ~ ~ ~ 

You hit a ship! Try again:

> F7

  1 2 3 4 5 6 7 8 9 10
A X M ~ ~ ~ ~ ~ ~ ~ ~ 
B X ~ ~ ~ ~ ~ ~ ~ X ~ 
C X ~ ~ ~ ~ ~ ~ ~ X ~ 
D X ~ ~ ~ ~ ~ ~ ~ X ~ 
E ~ ~ ~ M ~ ~ ~ ~ M ~ 
F ~ ~ X X X X X ~ ~ ~ 
G ~ ~ ~ ~ ~ ~ ~ ~ ~ ~ 
H ~ ~ ~ ~ ~ ~ ~ ~ ~ ~ 
I ~ ~ ~ ~ ~ ~ ~ ~ ~ ~ 
J ~ ~ ~ ~ ~ ~ ~ ~ ~ ~ 

You sank a ship! Specify a new target:

> F10

  1 2 3 4 5 6 7 8 9 10
A X M ~ ~ ~ ~ ~ ~ ~ ~ 
B X ~ ~ ~ ~ ~ ~ ~ X ~ 
C X ~ ~ ~ ~ ~ ~ ~ X ~ 
D X ~ ~ ~ ~ ~ ~ ~ X ~ 
E ~ ~ ~ M ~ ~ ~ ~ M ~ 
F ~ ~ X X X X X ~ ~ M 
G ~ ~ ~ ~ ~ ~ ~ ~ ~ ~ 
H ~ ~ ~ ~ ~ ~ ~ ~ ~ ~ 
I ~ ~ ~ ~ ~ ~ ~ ~ ~ ~ 
J ~ ~ ~ ~ ~ ~ ~ ~ ~ ~ 

You missed! Try again:

> G8

  1 2 3 4 5 6 7 8 9 10
A X M ~ ~ ~ ~ ~ ~ ~ ~ 
B X ~ ~ ~ ~ ~ ~ ~ X ~ 
C X ~ ~ ~ ~ ~ ~ ~ X ~ 
D X ~ ~ ~ ~ ~ ~ ~ X ~ 
E ~ ~ ~ M ~ ~ ~ ~ M ~ 
F ~ ~ X X X X X ~ ~ M 
G ~ ~ ~ ~ ~ ~ ~ M ~ ~ 
H ~ ~ ~ ~ ~ ~ ~ ~ ~ ~ 
I ~ ~ ~ ~ ~ ~ ~ ~ ~ ~ 
J ~ ~ ~ ~ ~ ~ ~ ~ ~ ~ 

You missed! Try again:

> G5

  1 2 3 4 5 6 7 8 9 10
A X M ~ ~ ~ ~ ~ ~ ~ ~ 
B X ~ ~ ~ ~ ~ ~ ~ X ~ 
C X ~ ~ ~ ~ ~ ~ ~ X ~ 
D X ~ ~ ~ ~ ~ ~ ~ X ~ 
E ~ ~ ~ M ~ ~ ~ ~ M ~ 
F ~ ~ X X X X X ~ ~ M 
G ~ ~ ~ ~ M ~ ~ M ~ ~ 
H ~ ~ ~ ~ ~ ~ ~ ~ ~ ~ 
I ~ ~ ~ ~ ~ ~ ~ ~ ~ ~ 
J ~ ~ ~ ~ ~ ~ ~ ~ ~ ~ 

You missed! Try again:

> H2

  1 2 3 4 5 6 7 8 9 10
A X M ~ ~ ~ ~ ~ ~ ~ ~ 
B X ~ ~ ~ ~ ~ ~ ~ X ~ 
C X ~ ~ ~ ~ ~ ~ ~ X ~ 
D X ~ ~ ~ ~ ~ ~ ~ X ~ 
E ~ ~ ~ M ~ ~ ~ ~ M ~ 
F ~ ~ X X X X X ~ ~ M 
G ~ ~ ~ ~ M ~ ~ M ~ ~ 
H ~ M ~ ~ ~ ~ ~ ~ ~ ~ 
I ~ ~ ~ ~ ~ ~ ~ ~ ~ ~ 
J ~ ~ ~ ~ ~ ~ ~ ~ ~ ~ 

You missed! Try again:

> I2

  1 2 3 4 5 6 7 8 9 10
A X M ~ ~ ~ ~ ~ ~ ~ ~ 
B X ~ ~ ~ ~ ~ ~ ~ X ~ 
C X ~ ~ ~ ~ ~ ~ ~ X ~ 
D X ~ ~ ~ ~ ~ ~ ~ X ~ 
E ~ ~ ~ M ~ ~ ~ ~ M ~ 
F ~ ~ X X X X X ~ ~ M 
G ~ ~ ~ ~ M ~ ~ M ~ ~ 
H ~ M ~ ~ ~ ~ ~ ~ ~ ~ 
I ~ X ~ ~ ~ ~ ~ ~ ~ ~ 
J ~ ~ ~ ~ ~ ~ ~ ~ ~ ~ 

You hit a ship! Try again:

> J2

  1 2 3 4 5 6 7 8 9 10
A X M ~ ~ ~ ~ ~ ~ ~ ~ 
B X ~ ~ ~ ~ ~ ~ ~ X ~ 
C X ~ ~ ~ ~ ~ ~ ~ X ~ 
D X ~ ~ ~ ~ ~ ~ ~ X ~ 
E ~ ~ ~ M ~ ~ ~ ~ M ~ 
F ~ ~ X X X X X ~ ~ M 
G ~ ~ ~ ~ M ~ ~ M ~ ~ 
H ~ M ~ ~ ~ ~ ~ ~ ~ ~ 
I ~ X ~ ~ ~ ~ ~ ~ ~ ~ 
J ~ X ~ ~ ~ ~ ~ ~ ~ ~ 

You hit a ship! Try again:

> J6

  1 2 3 4 5 6 7 8 9 10
A X M ~ ~ ~ ~ ~ ~ ~ ~ 
B X ~ ~ ~ ~ ~ ~ ~ X ~ 
C X ~ ~ ~ ~ ~ ~ ~ X ~ 
D X ~ ~ ~ ~ ~ ~ ~ X ~ 
E ~ ~ ~ M ~ ~ ~ ~ M ~ 
F ~ ~ X X X X X ~ ~ M 
G ~ ~ ~ ~ M ~ ~ M ~ ~ 
H ~ M ~ ~ ~ ~ ~ ~ ~ ~ 
I ~ X ~ ~ ~ ~ ~ ~ ~ ~ 
J ~ X ~ ~ ~ M ~ ~ ~ ~ 

You missed! Try again:

> J8

  1 2 3 4 5 6 7 8 9 10
A X M ~ ~ ~ ~ ~ ~ ~ ~ 
B X ~ ~ ~ ~ ~ ~ ~ X ~ 
C X ~ ~ ~ ~ ~ ~ ~ X ~ 
D X ~ ~ ~ ~ ~ ~ ~ X ~ 
E ~ ~ ~ M ~ ~ ~ ~ M ~ 
F ~ ~ X X X X X ~ ~ M 
G ~ ~ ~ ~ M ~ ~ M ~ ~ 
H ~ M ~ ~ ~ ~ ~ ~ ~ ~ 
I ~ X ~ ~ ~ ~ ~ ~ ~ ~ 
J ~ X ~ ~ ~ M ~ X ~ ~ 

You hit a ship! Try again:

> J9

  1 2 3 4 5 6 7 8 9 10
A X M ~ ~ ~ ~ ~ ~ ~ ~ 
B X ~ ~ ~ ~ ~ ~ ~ X ~ 
C X ~ ~ ~ ~ ~ ~ ~ X ~ 
D X ~ ~ ~ ~ ~ ~ ~ X ~ 
E ~ ~ ~ M ~ ~ ~ ~ M ~ 
F ~ ~ X X X X X ~ ~ M 
G ~ ~ ~ ~ M ~ ~ M ~ ~ 
H ~ M ~ ~ ~ ~ ~ ~ ~ ~ 
I ~ X ~ ~ ~ ~ ~ ~ ~ ~ 
J ~ X ~ ~ ~ M ~ X X ~ 

You hit a ship! Try again:

> J10

  1 2 3 4 5 6 7 8 9 10
A X M ~ ~ ~ ~ ~ ~ ~ ~ 
B X ~ ~ ~ ~ ~ ~ ~ X ~ 
C X ~ ~ ~ ~ ~ ~ ~ X ~ 
D X ~ ~ ~ ~ ~ ~ ~ X ~ 
E ~ ~ ~ M ~ ~ ~ ~ M ~ 
F ~ ~ X X X X X ~ ~ M 
G ~ ~ ~ ~ M ~ ~ M ~ ~ 
H ~ M ~ ~ ~ ~ ~ ~ ~ ~ 
I ~ X ~ ~ ~ ~ ~ ~ ~ ~ 
J ~ X ~ ~ ~ M ~ X X X 

You sank a ship! Specify a new target:

]]></system-out>
  <system-err><![CDATA[]]></system-err>
</testsuite>
